<?xml version="1.0" encoding="UTF-8"?>
<!-- Generated by org.testng.reporters.JUnitReportReporter -->
<testsuite skipped="0" hostname="DESKTOP-NICN4RS" name="testcases.TestCase001_verifyLogin" tests="1" failures="0" timestamp="2020-09-24T14:51:45 EDT" time="2.059" errors="0">
  <testcase name="verifylogin" time="2.059" classname="testcases.TestCase001_verifyLogin"/>
  <system-out/>
</testsuite> <!-- testcases.TestCase001_verifyLogin -->
